t11                                                          The SAS System                         13:58 Wednesday, November 23, 2016
t 
s 1          ;*';*";*/;quit;run;
s 2          OPTIONS PAGENO=MIN;
s 3          %LET _CLIENTTASKLABEL='Summary Tables';
s 4          %LET _CLIENTPROCESSFLOWNAME='Process Flow';
s 5          %LET _CLIENTPROJECTPATH='C:\Users\drespc1\Desktop\Eg github\CarsExample.egp';
s 6          %LET _CLIENTPROJECTNAME='CarsExample.egp';
s 7          
s 8          ODS _ALL_ CLOSE;
s 9          ODS PROCTITLE;
s 10         OPTIONS DEV=ACTIVEX;
s 11         GOPTIONS XPIXELS=0 YPIXELS=0;
s 12         FILENAME EGSR TEMP;
s 13         ODS tagsets.sasreport13(ID=EGSR) FILE=EGSR
s 14             STYLE=HtmlBlue
s 15             STYLESHEET=(URL="file:///C:/Program%20Files/SASHome/SAS9.4/SASEnterpriseGuide/7.1/Styles/HtmlBlue.css")
s 16             NOGTITLE
s 17             NOGFOOTNOTE
s 18             GPATH=&sasworklocation
d SYMBOLGEN:  Macro variable SASWORKLOCATION resolves to "C:\Users\drespc1\AppData\Local\Temp\SAS Temporary 
d             Files\_TD6832_WSCOC4837_\Prc2/"
s 19             ENCODING=UTF8
s 20             options(rolap="on")
s 21         ;
n NOTE: Writing TAGSETS.SASREPORT13(EGSR) Body file: EGSR
s 22         
s 23         GOPTIONS ACCESSIBLE;
s 24         TITLE;
s 25         TITLE1 "Summary Tables";
s 26         FOOTNOTE;
d SYMBOLGEN:  Macro variable _SASSERVERNAME resolves to 'Local'
d SYMBOLGEN:  Macro variable SYSSCPL resolves to W32_7PRO
s 27         FOOTNOTE1 "Generated by the SAS System (&_SASSERVERNAME, &SYSSCPL) on %TRIM(%QSYSFUNC(DATE(), NLDATE20.)) at
s 27       ! %TRIM(%SYSFUNC(TIME(), TIMEAMPM12.))";
d SYMBOLGEN:  Macro variable VALUE resolves to November 23, 2016   
d SYMBOLGEN:  Some characters in the above value which were subject to macro quoting have been unquoted for printing.
d SYMBOLGEN:  Macro variable VALUE resolves to November 23, 2016   
d SYMBOLGEN:  Some characters in the above value which were subject to macro quoting have been unquoted for printing.
d SYMBOLGEN:  Macro variable I resolves to 20
d SYMBOLGEN:  Macro variable VALUE resolves to November 23, 2016   
d SYMBOLGEN:  Some characters in the above value which were subject to macro quoting have been unquoted for printing.
d SYMBOLGEN:  Macro variable I resolves to 19
d SYMBOLGEN:  Macro variable VALUE resolves to November 23, 2016   
d SYMBOLGEN:  Some characters in the above value which were subject to macro quoting have been unquoted for printing.
d SYMBOLGEN:  Macro variable I resolves to 18
d SYMBOLGEN:  Macro variable VALUE resolves to November 23, 2016   
d SYMBOLGEN:  Some characters in the above value which were subject to macro quoting have been unquoted for printing.
d SYMBOLGEN:  Macro variable I resolves to 17
d SYMBOLGEN:  Macro variable I resolves to 17
d SYMBOLGEN:  Macro variable VALUE resolves to November 23, 2016   
d SYMBOLGEN:  Some characters in the above value which were subject to macro quoting have been unquoted for printing.
d SYMBOLGEN:  Macro variable I resolves to 17
d SYMBOLGEN:  Macro variable VALUE resolves to 1:59:35 PM
d SYMBOLGEN:  Macro variable VALUE resolves to 1:59:35 PM
d SYMBOLGEN:  Macro variable I resolves to 10
d SYMBOLGEN:  Macro variable I resolves to 10
d SYMBOLGEN:  Macro variable VALUE resolves to 1:59:35 PM
d SYMBOLGEN:  Macro variable I resolves to 10
s 28         /* -------------------------------------------------------------------
t12                                                          The SAS System                         13:58 Wednesday, November 23, 2016
t 
s 29            Code generated by SAS Task
s 30         
s 31            Generated on: Wednesday, November 23, 2016 at 1:59:34 PM
s 32            By task: Summary Tables
s 33         
s 34            Input Data: Local:SASHELP.CARS
d SYMBOLGEN:  Macro variable SYSPBUFF resolves to (WORK.STABSummaryTables)
s 35            Server:  Local
d SYMBOLGEN:  Macro variable NUM resolves to 1
s 36            ------------------------------------------------------------------- */
s 37         
s 38         %_eg_conditional_dropds(WORK.STABSummaryTables);
d SYMBOLGEN:  Macro variable DSNAME resolves to WORK.STABSummaryTables
d SYMBOLGEN:  Some characters in the above value which were subject to macro quoting have been unquoted for printing.
d SYMBOLGEN:  Macro variable DSNAME resolves to WORK.STABSummaryTables
d SYMBOLGEN:  Some characters in the above value which were subject to macro quoting have been unquoted for printing.
d SYMBOLGEN:  Macro variable NAME resolves to WORK.STABSummaryTables
d SYMBOLGEN:  Macro variable NAME resolves to WORK.STABSummaryTables
d SYMBOLGEN:  Macro variable NUM resolves to 1
d SYMBOLGEN:  Macro variable SYSPBUFF resolves to (WORK.STABSummaryTables)
d SYMBOLGEN:  Macro variable NUM resolves to 2
d SYMBOLGEN:  Macro variable DSNAME resolves to 
d SYMBOLGEN:  Some characters in the above value which were subject to macro quoting have been unquoted for printing.
d SYMBOLGEN:  Macro variable STEPSTARTED resolves to 0
s 39         
s 40         /* -------------------------------------------------------------------
s 41            Run the tabulate procedure
s 42            ------------------------------------------------------------------- */
s 43         PROC TABULATE
s 44         DATA=SASHELP.CARS(FIRSTOBS=1 )
s 45         
s 46         	OUT=WORK.STABSummaryTables(LABEL="Summary Tables  for SASHELP.CARS")
s 47         	
s 48         	;
s 49         	
s 50         	CLASS Make /	ORDER=UNFORMATTED MISSING;
s 51         	CLASS Model /	ORDER=UNFORMATTED MISSING;
s 52         	CLASS Origin /	ORDER=UNFORMATTED MISSING;
s 53         	CLASS DriveTrain /	ORDER=UNFORMATTED MISSING;
s 54         	TABLE /* Row Dimension */
s 55         Make
s 56         Make*
s 57           Model
s 58         Origin
s 59         DriveTrain,
s 60         /* Column Dimension */
s 61         N 		;
s 62         	;
s 63         
s 64         RUN;
n 
n NOTE: There were 428 observations read from the data set SASHELP.CARS.
n NOTE: The data set WORK.STABSUMMARYTABLES has 469 observations and 8 variables.
n NOTE: Compressing data set WORK.STABSUMMARYTABLES increased size by 100.00 percent. 
n       Compressed is 2 pages; un-compressed would require 1 pages.
n NOTE: PROCEDURE TABULATE used (Total process time):
n       real time           0.52 seconds
n       cpu time            0.10 seconds
t13                                                          The SAS System                         13:58 Wednesday, November 23, 2016
t 
n       
n 
s 65         /* -------------------------------------------------------------------
s 66            End of task code
s 67            ------------------------------------------------------------------- */
s 68         RUN; QUIT;
s 69         TITLE; FOOTNOTE;
s 70         
s 71         
s 72         GOPTIONS NOACCESSIBLE;
s 73         %LET _CLIENTTASKLABEL=;
s 74         %LET _CLIENTPROCESSFLOWNAME=;
s 75         %LET _CLIENTPROJECTPATH=;
s 76         %LET _CLIENTPROJECTNAME=;
s 77         
s 78         ;*';*";*/;quit;run;
s 79         ODS _ALL_ CLOSE;
s 80         
s 81         
s 82         QUIT; RUN;
s 83         
